# JRE version: OpenJDK Runtime Environment Temurin-25.0.2+10 (25.0.2+10) (build 25.0.2+10-LTS)
# Java VM: OpenJDK 64-Bit Server VM Temurin-25.0.2+10 (25.0.2+10-LTS, mixed mode, sharing, tiered, compressed oops, compressed class ptrs, parallel gc, windows-amd64)
GC Precious Log:
 CardTable entry size: 512
 CPUs: 32 total, 32 available
 Memory: 32476M
 Large Page Support: Disabled
 NUMA Support: Disabled
 Compressed Oops: Enabled (32-bit)
 Alignments: Space 512K, Generation 512K, Heap 2M
 Heap Min Capacity: 100M
 Heap Initial Capacity: 100M
 Heap Max Capacity: 2G
 Pre-touch: Disabled
 Parallel Workers: 23
Heap:
 PSYoungGen      total 30208K, used 13595K [0x00000000d5580000, 0x00000000d8000000, 0x0000000100000000)
  eden space 28160K, 41% used [0x00000000d5580000,0x00000000d60c9b98,0x00000000d7100000)
  from space 2048K, 99% used [0x00000000d7180000,0x00000000d737d198,0x00000000d7380000)
  to   space 7680K, 0% used [0x00000000d7880000,0x00000000d7880000,0x00000000d8000000)
 ParOldGen       total 791552K, used 791447K [0x0000000080000000, 0x00000000b0500000, 0x00000000d5580000)
  object space 791552K, 99% used [0x0000000080000000,0x00000000b04e5fa8,0x00000000b0500000)
GC Heap Usage History (20 events):
Event: 204.019 {heap Before GC invocations=281 (full 3):
 PSYoungGen      total 30208K, used 30024K [0x00000000d5580000, 0x00000000d7a00000, 0x0000000100000000)
  eden space 25088K, 100% used [0x00000000d5580000,0x00000000d6e00000,0x00000000d6e00000)
  from space 5120K, 96% used [0x00000000d7200000,0x00000000d76d2008,0x00000000d7700000)
  to   space 3072K, 0% used [0x00000000d7700000,0x00000000d7700000,0x00000000d7a00000)
 ParOldGen       total 776192K, used 775966K [0x0000000080000000, 0x00000000af600000, 0x00000000d558Event: 204.022 {heap After GC invocations=281 (full 3):
 PSYoungGen      total 31232K, used 884K [0x00000000d5580000, 0x00000000d7800000, 0x0000000100000000)
  eden space 30208K, 0% used [0x00000000d5580000,0x00000000d5580000,0x00000000d7300000)
  from space 1024K, 86% used [0x00000000d7700000,0x00000000d77dd240,0x00000000d7800000)
  to   space 2560K, 0% used [0x00000000d7300000,0x00000000d7300000,0x00000000d7580000)
 ParOldGen       total 777728K, used 777470K [0x0000000080000000, 0x00000000af780000, 0x00000000d5580000)Event: 239.594 {heap Before GC invocations=282 (full 3):
 PSYoungGen      total 31232K, used 31092K [0x00000000d5580000, 0x00000000d7800000, 0x0000000100000000)
  eden space 30208K, 100% used [0x00000000d5580000,0x00000000d7300000,0x00000000d7300000)
  from space 1024K, 86% used [0x00000000d7700000,0x00000000d77dd240,0x00000000d7800000)
  to   space 2560K, 0% used [0x00000000d7300000,0x00000000d7300000,0x00000000d7580000)
 ParOldGen       total 777728K, used 777470K [0x0000000080000000, 0x00000000af780000, 0x00000000d558Event: 239.595 {heap After GC invocations=282 (full 3):
 PSYoungGen      total 32768K, used 1464K [0x00000000d5580000, 0x00000000d7780000, 0x0000000100000000)
  eden space 30208K, 0% used [0x00000000d5580000,0x00000000d5580000,0x00000000d7300000)
  from space 2560K, 57% used [0x00000000d7300000,0x00000000d746e070,0x00000000d7580000)
  to   space 2048K, 0% used [0x00000000d7580000,0x00000000d7580000,0x00000000d7780000)
 ParOldGen       total 778240K, used 777971K [0x0000000080000000, 0x00000000af800000, 0x00000000d5580000Event: 368.149 {heap Before GC invocations=283 (full 3):
 PSYoungGen      total 32768K, used 31672K [0x00000000d5580000, 0x00000000d7780000, 0x0000000100000000)
  eden space 30208K, 100% used [0x00000000d5580000,0x00000000d7300000,0x00000000d7300000)
  from space 2560K, 57% used [0x00000000d7300000,0x00000000d746e070,0x00000000d7580000)
  to   space 2048K, 0% used [0x00000000d7580000,0x00000000d7580000,0x00000000d7780000)
 ParOldGen       total 778240K, used 777971K [0x0000000080000000, 0x00000000af800000, 0x00000000d558Event: 368.151 {heap After GC invocations=283 (full 3):
 PSYoungGen      total 31232K, used 2034K [0x00000000d5580000, 0x00000000d7980000, 0x0000000100000000)
  eden space 29184K, 0% used [0x00000000d5580000,0x00000000d5580000,0x00000000d7200000)
  from space 2048K, 99% used [0x00000000d7580000,0x00000000d777c9c0,0x00000000d7780000)
  to   space 3584K, 0% used [0x00000000d7200000,0x00000000d7200000,0x00000000d7580000)
 ParOldGen       total 779264K, used 779127K [0x0000000080000000, 0x00000000af900000, 0x00000000d5580000Event: 368.228 {heap Before GC invocations=284 (full 3):
 PSYoungGen      total 31232K, used 31218K [0x00000000d5580000, 0x00000000d7980000, 0x0000000100000000)
  eden space 29184K, 100% used [0x00000000d5580000,0x00000000d7200000,0x00000000d7200000)
  from space 2048K, 99% used [0x00000000d7580000,0x00000000d777c9c0,0x00000000d7780000)
  to   space 3584K, 0% used [0x00000000d7200000,0x00000000d7200000,0x00000000d7580000)
 ParOldGen       total 779264K, used 779127K [0x0000000080000000, 0x00000000af900000, 0x00000000d558Event: 368.230 {heap After GC invocations=284 (full 3):
 PSYoungGen      total 32256K, used 3581K [0x00000000d5580000, 0x00000000d7d80000, 0x0000000100000000)
  eden space 28672K, 0% used [0x00000000d5580000,0x00000000d5580000,0x00000000d7180000)
  from space 3584K, 99% used [0x00000000d7200000,0x00000000d757f6f0,0x00000000d7580000)
  to   space 6144K, 0% used [0x00000000d7780000,0x00000000d7780000,0x00000000d7d80000)
 ParOldGen       total 780800K, used 780796K [0x0000000080000000, 0x00000000afa80000, 0x00000000d5580000Event: 368.258 {heap Before GC invocations=285 (full 3):
 PSYoungGen      total 32256K, used 32167K [0x00000000d5580000, 0x00000000d7d80000, 0x0000000100000000)
  eden space 28672K, 99% used [0x00000000d5580000,0x00000000d716a5c0,0x00000000d7180000)
  from space 3584K, 99% used [0x00000000d7200000,0x00000000d757f6f0,0x00000000d7580000)
  to   space 6144K, 0% used [0x00000000d7780000,0x00000000d7780000,0x00000000d7d80000)
 ParOldGen       total 780800K, used 780796K [0x0000000080000000, 0x00000000afa80000, 0x00000000d5580Event: 368.259 {heap After GC invocations=285 (full 3):
 PSYoungGen      total 31744K, used 907K [0x00000000d5580000, 0x00000000d7880000, 0x0000000100000000)
  eden space 30720K, 0% used [0x00000000d5580000,0x00000000d5580000,0x00000000d7380000)
  from space 1024K, 88% used [0x00000000d7780000,0x00000000d7862cb8,0x00000000d7880000)
  to   space 2560K, 0% used [0x00000000d7380000,0x00000000d7380000,0x00000000d7600000)
 ParOldGen       total 781312K, used 781124K [0x0000000080000000, 0x00000000afb00000, 0x00000000d5580000)Event: 368.550 {heap Before GC invocations=286 (full 3):
 PSYoungGen      total 31744K, used 31627K [0x00000000d5580000, 0x00000000d7880000, 0x0000000100000000)
  eden space 30720K, 100% used [0x00000000d5580000,0x00000000d7380000,0x00000000d7380000)
  from space 1024K, 88% used [0x00000000d7780000,0x00000000d7862cb8,0x00000000d7880000)
  to   space 2560K, 0% used [0x00000000d7380000,0x00000000d7380000,0x00000000d7600000)
 ParOldGen       total 781312K, used 781124K [0x0000000080000000, 0x00000000afb00000, 0x00000000d558Event: 368.551 {heap After GC invocations=286 (full 3):
 PSYoungGen      total 33280K, used 884K [0x00000000d5580000, 0x00000000d7800000, 0x0000000100000000)
  eden space 30720K, 0% used [0x00000000d5580000,0x00000000d5580000,0x00000000d7380000)
  from space 2560K, 34% used [0x00000000d7380000,0x00000000d745d200,0x00000000d7600000)
  to   space 1536K, 0% used [0x00000000d7680000,0x00000000d7680000,0x00000000d7800000)
 ParOldGen       total 781312K, used 781244K [0x0000000080000000, 0x00000000afb00000, 0x00000000d5580000)Event: 378.571 {heap Before GC invocations=287 (full 3):
 PSYoungGen      total 33280K, used 31604K [0x00000000d5580000, 0x00000000d7800000, 0x0000000100000000)
  eden space 30720K, 100% used [0x00000000d5580000,0x00000000d7380000,0x00000000d7380000)
  from space 2560K, 34% used [0x00000000d7380000,0x00000000d745d200,0x00000000d7600000)
  to   space 1536K, 0% used [0x00000000d7680000,0x00000000d7680000,0x00000000d7800000)
 ParOldGen       total 781312K, used 781244K [0x0000000080000000, 0x00000000afb00000, 0x00000000d558Event: 378.574 {heap After GC invocations=287 (full 3):
 PSYoungGen      total 29184K, used 1516K [0x00000000d5580000, 0x00000000d7f00000, 0x0000000100000000)
  eden space 27648K, 0% used [0x00000000d5580000,0x00000000d5580000,0x00000000d7080000)
  from space 1536K, 98% used [0x00000000d7680000,0x00000000d77fb208,0x00000000d7800000)
  to   space 6144K, 0% used [0x00000000d7080000,0x00000000d7080000,0x00000000d7680000)
 ParOldGen       total 785408K, used 784982K [0x0000000080000000, 0x00000000aff00000, 0x00000000d5580000Event: 380.488 {heap Before GC invocations=288 (full 3):
 PSYoungGen      total 29184K, used 29164K [0x00000000d5580000, 0x00000000d7f00000, 0x0000000100000000)
  eden space 27648K, 100% used [0x00000000d5580000,0x00000000d7080000,0x00000000d7080000)
  from space 1536K, 98% used [0x00000000d7680000,0x00000000d77fb208,0x00000000d7800000)
  to   space 6144K, 0% used [0x00000000d7080000,0x00000000d7080000,0x00000000d7680000)
 ParOldGen       total 785408K, used 784982K [0x0000000080000000, 0x00000000aff00000, 0x00000000d558Event: 380.490 {heap After GC invocations=288 (full 3):
 PSYoungGen      total 29696K, used 2074K [0x00000000d5580000, 0x00000000d7700000, 0x0000000100000000)
  eden space 27136K, 0% used [0x00000000d5580000,0x00000000d5580000,0x00000000d7000000)
  from space 2560K, 81% used [0x00000000d7080000,0x00000000d7286920,0x00000000d7300000)
  to   space 3584K, 0% used [0x00000000d7380000,0x00000000d7380000,0x00000000d7700000)
 ParOldGen       total 785408K, used 785152K [0x0000000080000000, 0x00000000aff00000, 0x00000000d5580000Event: 381.243 {heap Before GC invocations=289 (full 3):
 PSYoungGen      total 29696K, used 29210K [0x00000000d5580000, 0x00000000d7700000, 0x0000000100000000)
  eden space 27136K, 100% used [0x00000000d5580000,0x00000000d7000000,0x00000000d7000000)
  from space 2560K, 81% used [0x00000000d7080000,0x00000000d7286920,0x00000000d7300000)
  to   space 3584K, 0% used [0x00000000d7380000,0x00000000d7380000,0x00000000d7700000)
 ParOldGen       total 785408K, used 785152K [0x0000000080000000, 0x00000000aff00000, 0x00000000d558Event: 381.247 {heap After GC invocations=289 (full 3):
 PSYoungGen      total 31744K, used 1236K [0x00000000d5580000, 0x00000000d7680000, 0x0000000100000000)
  eden space 28672K, 0% used [0x00000000d5580000,0x00000000d5580000,0x00000000d7180000)
  from space 3072K, 40% used [0x00000000d7380000,0x00000000d74b5220,0x00000000d7680000)
  to   space 2048K, 0% used [0x00000000d7180000,0x00000000d7180000,0x00000000d7380000)
 ParOldGen       total 787456K, used 786950K [0x0000000080000000, 0x00000000b0100000, 0x00000000d5580000Event: 381.588 {heap Before GC invocations=290 (full 3):
 PSYoungGen      total 31744K, used 29908K [0x00000000d5580000, 0x00000000d7680000, 0x0000000100000000)
  eden space 28672K, 100% used [0x00000000d5580000,0x00000000d7180000,0x00000000d7180000)
  from space 3072K, 40% used [0x00000000d7380000,0x00000000d74b5220,0x00000000d7680000)
  to   space 2048K, 0% used [0x00000000d7180000,0x00000000d7180000,0x00000000d7380000)
 ParOldGen       total 787456K, used 786950K [0x0000000080000000, 0x00000000b0100000, 0x00000000d558Event: 381.591 {heap After GC invocations=290 (full 3):
 PSYoungGen      total 30208K, used 2036K [0x00000000d5580000, 0x00000000d8000000, 0x0000000100000000)
  eden space 28160K, 0% used [0x00000000d5580000,0x00000000d5580000,0x00000000d7100000)
  from space 2048K, 99% used [0x00000000d7180000,0x00000000d737d198,0x00000000d7380000)
  to   space 7680K, 0% used [0x00000000d7880000,0x00000000d7880000,0x00000000d8000000)
 ParOldGen       total 791552K, used 791447K [0x0000000080000000, 0x00000000b0500000, 0x00000000d5580000
Metaspace Usage History (20 events):
Event: 204.019 {metaspace Before GC invocations=281 (full 3):
 Metaspace       used 84720K, committed 86464K, reserved 1179648K
  class space    used 9062K, committed 9792K, reserved 1048576K
}
Event: 204.022 {metaspace After GC invocations=281 (full 3):
 Metaspace       used 84720K, committed 86464K, reserved 1179648K
  class space    used 9062K, committed 9792K, reserved 1048576K
}
Event: 239.594 {metaspace Before GC invocations=282 (full 3):
 Metaspace       used 84796K, committed 86464K, reserved 1179648K
  class space    used 9062K, committed 9792K, reserved 1048576K
}
Event: 239.595 {metaspace After GC invocations=282 (full 3):
 Metaspace       used 84796K, committed 86464K, reserved 1179648K
  class space    used 9062K, committed 9792K, reserved 1048576K
}
Event: 368.149 {metaspace Before GC invocations=283 (full 3):
 Metaspace       used 84924K, committed 86528K, reserved 1179648K
  class space    used 9068K, committed 9792K, reserved 1048576K
}
Event: 368.151 {metaspace After GC invocations=283 (full 3):
 Metaspace       used 84924K, committed 86528K, reserved 1179648K
  class space    used 9068K, committed 9792K, reserved 1048576K
}
Event: 368.228 {metaspace Before GC invocations=284 (full 3):
 Metaspace       used 85024K, committed 86656K, reserved 1179648K
  class space    used 9072K, committed 9792K, reserved 1048576K
}
Event: 368.230 {metaspace After GC invocations=284 (full 3):
 Metaspace       used 85024K, committed 86656K, reserved 1179648K
  class space    used 9072K, committed 9792K, reserved 1048576K
}
Event: 368.258 {metaspace Before GC invocations=285 (full 3):
 Metaspace       used 85056K, committed 86656K, reserved 1179648K
  class space    used 9072K, committed 9792K, reserved 1048576K
}
Event: 368.259 {metaspace After GC invocations=285 (full 3):
 Metaspace       used 85056K, committed 86656K, reserved 1179648K
  class space    used 9072K, committed 9792K, reserved 1048576K
}
Event: 368.550 {metaspace Before GC invocations=286 (full 3):
 Metaspace       used 85067K, committed 86656K, reserved 1179648K
  class space    used 9072K, committed 9792K, reserved 1048576K
}
Event: 368.551 {metaspace After GC invocations=286 (full 3):
 Metaspace       used 85067K, committed 86656K, reserved 1179648K
  class space    used 9072K, committed 9792K, reserved 1048576K
}
Event: 378.571 {metaspace Before GC invocations=287 (full 3):
 Metaspace       used 85097K, committed 86720K, reserved 1179648K
  class space    used 9073K, committed 9792K, reserved 1048576K
}
Event: 378.574 {metaspace After GC invocations=287 (full 3):
 Metaspace       used 85097K, committed 86720K, reserved 1179648K
  class space    used 9073K, committed 9792K, reserved 1048576K
}
Event: 380.488 {metaspace Before GC invocations=288 (full 3):
 Metaspace       used 85318K, committed 86912K, reserved 1179648K
  class space    used 9121K, committed 9856K, reserved 1048576K
}
Event: 380.490 {metaspace After GC invocations=288 (full 3):
 Metaspace       used 85318K, committed 86912K, reserved 1179648K
  class space    used 9121K, committed 9856K, reserved 1048576K
}
Event: 381.243 {metaspace Before GC invocations=289 (full 3):
 Metaspace       used 85959K, committed 87552K, reserved 1179648K
  class space    used 9225K, committed 9920K, reserved 1048576K
}
Event: 381.247 {metaspace After GC invocations=289 (full 3):
 Metaspace       used 85959K, committed 87552K, reserved 1179648K
  class space    used 9225K, committed 9920K, reserved 1048576K
}
Event: 381.588 {metaspace Before GC invocations=290 (full 3):
 Metaspace       used 86126K, committed 87808K, reserved 1179648K
  class space    used 9245K, committed 9984K, reserved 1048576K
}
Event: 381.591 {metaspace After GC invocations=290 (full 3):
 Metaspace       used 86126K, committed 87808K, reserved 1179648K
  class space    used 9245K, committed 9984K, reserved 1048576K
}

